<?xml version="1.0" encoding="UTF-8"?>
<testsuite xmlns:xsi="http://www.w3.org/2001/XMLSchema-instance" xsi:noNamespaceSchemaLocation="https://maven.apache.org/surefire/maven-surefire-plugin/xsd/surefire-test-report-3.0.xsd" version="3.0" name="com.hardziyevich.app.service.ServiceResistorTest" time="0.073" tests="16" errors="0" skipped="0" failures="0">
  <properties>
[...]
</properties>
  <testcase name="searchCorrect" classname="com.hardziyevich.app.service.ServiceResistorTest" time="0.002"/>
  <testcase name="searchWrongPower" classname="com.hardziyevich.app.service.ServiceResistorTest" time="0.001"/>
  <testcase name="searchWrongValue" classname="com.hardziyevich.app.service.ServiceResistorTest" time="0.001"/>
  <testcase name="searchWrongId" classname="com.hardziyevich.app.service.ServiceResistorTest" time="0.001"/>
  <testcase name="delete" classname="com.hardziyevich.app.service.ServiceResistorTest" time="0.001"/>
  <testcase name="searchNull" classname="com.hardziyevich.app.service.ServiceResistorTest" time="0.001"/>
  <testcase name="searchAttributeNullId" classname="com.hardziyevich.app.service.ServiceResistorTest" time="0.001"/>
  <testcase name="updateWrong" classname="com.hardziyevich.app.service.ServiceResistorTest" time="0.001"/>
  <testcase name="updateCorrect" classname="com.hardziyevich.app.service.ServiceResistorTest" time="0.001"/>
  <testcase name="searchAttributeNullPower" classname="com.hardziyevich.app.service.ServiceResistorTest" time="0.001"/>
  <testcase name="searchAttributeNullValue" classname="com.hardziyevich.app.service.ServiceResistorTest" time="0.001"/>
  <testcase name="createWrongResult" classname="com.hardziyevich.app.service.ServiceResistorTest" time="0.001"/>
  <testcase name="searchAttributeNullUnit" classname="com.hardziyevich.app.service.ServiceResistorTest" time="0.001"/>
  <testcase name="deleteById" classname="com.hardziyevich.app.service.ServiceResistorTest" time="0.001"/>
  <testcase name="searchWrongUnit" classname="com.hardziyevich.app.service.ServiceResistorTest" time="0"/>
  <testcase name="createNormalResult" classname="com.hardziyevich.app.service.ServiceResistorTest" time="0.001"/>
</testsuite>